2025-12-04 19:20:39 INFO  MyLogger:35 - ****************************************************************************************
2025-12-04 19:20:39 INFO  MyLogger:36 - *********************************** Login Basari Testi STARTED ***********************************
2025-12-04 19:20:39 INFO  MyLogger:37 - ****************************************************************************************
2025-12-04 19:20:39 INFO  MyLogger:15 - Kullanici adi giriliyor.
2025-12-04 19:20:39 ERROR MyLogger:27 - Giris basarisiz oldu!
2025-12-04 19:20:39 INFO  MyLogger:15 - Test sonlandi.
2025-12-04 19:26:39 INFO  MyLogger:35 - ****************************************************************************************
2025-12-04 19:26:39 INFO  MyLogger:36 - *********************************** Login Basari Testi STARTED ***********************************
2025-12-04 19:26:39 INFO  MyLogger:37 - ****************************************************************************************
2025-12-04 19:26:39 INFO  MyLogger:15 - Kullanici adi giriliyor.
2025-12-04 19:26:39 ERROR MyLogger:27 - Giris basarisiz oldu!
2025-12-04 19:26:39 INFO  MyLogger:15 - Test sonlandi.
2025-12-04 19:39:00 INFO  MyLogger:35 - ****************************************************************************************
2025-12-04 19:39:00 INFO  MyLogger:36 - *********************************** Login Basari Testi STARTED ***********************************
2025-12-04 19:39:00 INFO  MyLogger:37 - ****************************************************************************************
2025-12-04 19:39:00 INFO  MyLogger:15 - Kullanici adi giriliyor.
2025-12-04 19:39:00 ERROR MyLogger:27 - Giris basarisiz oldu!
2025-12-04 19:39:00 INFO  MyLogger:15 - Test sonlandi.
2025-12-04 19:43:31 INFO  MyLogger:35 - ****************************************************************************************
2025-12-04 19:43:31 INFO  MyLogger:36 - *********************************** Login Basari Testi STARTED ***********************************
2025-12-04 19:43:31 INFO  MyLogger:37 - ****************************************************************************************
2025-12-04 19:43:31 INFO  MyLogger:15 - Kullanici adi giriliyor.
2025-12-04 19:43:31 ERROR MyLogger:27 - Giris basarisiz oldu!
2025-12-04 19:43:31 INFO  MyLogger:15 - Test sonlandi.
2025-12-04 19:49:03 INFO  MyLogger:35 - ****************************************************************************************
2025-12-04 19:49:03 INFO  MyLogger:36 - *********************************** Login Basari Testi STARTED ***********************************
2025-12-04 19:49:03 INFO  MyLogger:37 - ****************************************************************************************
2025-12-04 19:49:03 INFO  MyLogger:15 - Kullanici adi giriliyor.
2025-12-04 19:49:03 ERROR MyLogger:27 - Giris basarisiz oldu!
2025-12-04 19:49:03 INFO  MyLogger:15 - Test sonlandi.
2025-12-04 19:49:56 INFO  MyLogger:35 - ****************************************************************************************
2025-12-04 19:49:56 INFO  MyLogger:36 - *********************************** Login Basari Testi STARTED ***********************************
2025-12-04 19:49:56 INFO  MyLogger:37 - ****************************************************************************************
2025-12-04 19:49:56 INFO  MyLogger:15 - Kullanici adi giriliyor.
2025-12-04 19:49:56 ERROR MyLogger:27 - Giris basarisiz oldu!
2025-12-04 19:49:56 INFO  MyLogger:15 - Test sonlandi.
2025-12-04 19:56:26 INFO  MyLogger:35 - ****************************************************************************************
2025-12-04 19:56:26 INFO  MyLogger:36 - *********************************** Login Basari Testi STARTED ***********************************
2025-12-04 19:56:26 INFO  MyLogger:37 - ****************************************************************************************
2025-12-04 19:56:26 INFO  MyLogger:15 - Kullanici adi giriliyor.
2025-12-04 19:56:26 ERROR MyLogger:27 - Giris basarisiz oldu!
2025-12-04 19:56:26 INFO  MyLogger:15 - Test sonlandi.
